2026/06/29 11:31:37 perencanaan: seeded sample data (set PERENCANAAN_SEED_DEMO=false to disable)
2026/06/29 11:31:37 perencanaan API listening on http://localhost:8082
2026/06/29 13:25:08 OPTIONS /api/auth/login -> 204 (0s)
2026/06/29 13:25:08 POST /api/auth/login -> 200 (12.6477ms)
2026/06/29 13:25:08 OPTIONS /api/summary -> 204 (0s)
2026/06/29 13:25:08 OPTIONS /api/projects -> 204 (0s)
2026/06/29 13:25:08 OPTIONS /api/outputs -> 204 (0s)
2026/06/29 13:25:08 OPTIONS /api/summary -> 204 (0s)
2026/06/29 13:25:08 GET /api/ws -> 200 (0s)
2026/06/29 13:25:08 OPTIONS /api/projects -> 204 (0s)
2026/06/29 13:25:08 OPTIONS /api/outputs -> 204 (0s)
2026/06/29 13:25:08 GET /api/summary -> 200 (512.8µs)
2026/06/29 13:25:08 GET /api/projects -> 200 (0s)
2026/06/29 13:25:08 GET /api/outputs -> 200 (1.9459ms)
2026/06/29 13:25:08 GET /api/projects -> 200 (0s)
2026/06/29 13:25:08 GET /api/summary -> 200 (0s)
2026/06/29 13:25:08 GET /api/outputs -> 200 (717.5µs)
2026/06/29 13:25:08 GET /api/ws -> 200 (0s)
2026/06/29 13:25:08 GET /api/projects -> 200 (503µs)
2026/06/29 13:25:08 GET /api/summary -> 200 (503µs)
2026/06/29 13:25:08 GET /api/outputs -> 200 (1.0172ms)
2026/06/29 13:25:10 OPTIONS /api/my-tasks -> 204 (0s)
2026/06/29 13:25:10 OPTIONS /api/my-tasks -> 204 (0s)
2026/06/29 13:25:10 GET /api/my-tasks -> 200 (502.8µs)
2026/06/29 13:25:10 GET /api/my-tasks -> 200 (0s)
2026/06/29 13:25:49 OPTIONS /api/projects/gp-001 -> 204 (0s)
2026/06/29 13:25:49 OPTIONS /api/projects/gp-001 -> 204 (0s)
2026/06/29 13:25:49 GET /api/projects/gp-001 -> 200 (0s)
2026/06/29 13:25:49 GET /api/projects/gp-001 -> 200 (0s)
2026/06/29 13:25:54 OPTIONS /api/master -> 204 (0s)
2026/06/29 13:25:54 OPTIONS /api/master -> 204 (0s)
2026/06/29 13:25:54 GET /api/master -> 200 (0s)
2026/06/29 13:25:54 GET /api/master -> 200 (0s)
2026/06/29 13:25:54 OPTIONS /api/projects/gp-001 -> 204 (0s)
2026/06/29 13:25:54 OPTIONS /api/projects/gp-001 -> 204 (0s)
2026/06/29 13:25:54 GET /api/projects/gp-001 -> 200 (0s)
2026/06/29 13:25:54 GET /api/projects/gp-001 -> 200 (505.2µs)
2026/06/29 13:26:33 OPTIONS /api/projects -> 204 (0s)
2026/06/29 13:26:33 POST /api/projects -> 201 (0s)
2026/06/29 13:26:33 OPTIONS /api/master -> 204 (0s)
2026/06/29 13:26:33 OPTIONS /api/summary -> 204 (0s)
2026/06/29 13:26:33 OPTIONS /api/outputs -> 204 (0s)
2026/06/29 13:26:33 GET /api/projects -> 200 (0s)
2026/06/29 13:26:33 GET /api/master -> 200 (0s)
2026/06/29 13:26:33 OPTIONS /api/outputs -> 204 (0s)
2026/06/29 13:26:33 GET /api/summary -> 200 (554.8µs)
2026/06/29 13:26:33 GET /api/projects -> 200 (757µs)
2026/06/29 13:26:33 GET /api/summary -> 200 (757µs)
2026/06/29 13:26:33 GET /api/master -> 200 (757µs)
2026/06/29 13:26:33 GET /api/master -> 200 (0s)
2026/06/29 13:26:33 GET /api/outputs -> 200 (1.298ms)
2026/06/29 13:26:33 GET /api/outputs -> 200 (504.2µs)
2026/06/29 13:26:33 OPTIONS /api/projects/gp-001 -> 204 (0s)
2026/06/29 13:26:33 OPTIONS /api/projects/gp-001 -> 204 (0s)
2026/06/29 13:26:33 GET /api/projects/gp-001 -> 200 (0s)
2026/06/29 13:26:33 GET /api/projects/gp-001 -> 200 (0s)
2026/06/29 13:26:35 GET /api/projects/gp-001 -> 200 (0s)
2026/06/29 13:26:35 GET /api/projects/gp-001 -> 200 (0s)
2026/06/29 13:26:38 OPTIONS /api/projects/gp-002 -> 204 (0s)
2026/06/29 13:26:38 GET /api/projects/gp-002 -> 200 (0s)
2026/06/29 13:26:42 OPTIONS /api/projects/gp-001 -> 204 (0s)
2026/06/29 13:26:42 GET /api/projects/gp-001 -> 200 (0s)
2026/06/29 13:26:42 OPTIONS /api/master -> 204 (0s)
2026/06/29 13:26:42 OPTIONS /api/master -> 204 (0s)
2026/06/29 13:26:42 GET /api/master -> 200 (0s)
2026/06/29 13:26:42 GET /api/master -> 200 (0s)
2026/06/29 13:26:42 GET /api/projects/gp-001 -> 200 (0s)
2026/06/29 13:26:42 GET /api/projects/gp-001 -> 200 (0s)
2026/06/29 13:26:48 OPTIONS /api/projects/gp-033 -> 204 (0s)
2026/06/29 13:26:48 OPTIONS /api/projects/gp-033 -> 204 (0s)
2026/06/29 13:26:48 GET /api/projects/gp-033 -> 200 (0s)
2026/06/29 13:26:48 GET /api/projects/gp-033 -> 200 (0s)
2026/06/29 13:29:50 OPTIONS /api/projects/gp-001 -> 204 (0s)
2026/06/29 13:29:50 OPTIONS /api/projects/gp-001 -> 204 (0s)
2026/06/29 13:29:50 GET /api/projects/gp-001 -> 200 (0s)
2026/06/29 13:29:50 GET /api/projects/gp-001 -> 200 (0s)
2026/06/29 13:35:33 OPTIONS /api/projects/gp-002 -> 204 (0s)
2026/06/29 13:35:33 GET /api/projects/gp-002 -> 200 (0s)
2026/06/29 13:35:33 OPTIONS /api/projects/gp-003 -> 204 (0s)
2026/06/29 13:35:33 GET /api/projects/gp-003 -> 200 (0s)
2026/06/29 13:35:34 OPTIONS /api/projects/gp-001 -> 204 (0s)
2026/06/29 13:35:34 GET /api/projects/gp-001 -> 200 (0s)
2026/06/29 13:35:34 OPTIONS /api/projects/gp-004 -> 204 (0s)
2026/06/29 13:35:34 GET /api/projects/gp-004 -> 200 (1.0044ms)
2026/06/29 13:35:35 GET /api/projects/gp-002 -> 200 (0s)
2026/06/29 13:35:36 GET /api/projects/gp-003 -> 200 (0s)
2026/06/29 13:35:37 GET /api/projects/gp-004 -> 200 (0s)
2026/06/29 13:35:37 GET /api/projects/gp-001 -> 200 (0s)
2026/06/29 13:35:38 OPTIONS /api/projects/gp-011 -> 204 (0s)
2026/06/29 13:35:38 GET /api/projects/gp-011 -> 200 (0s)
2026/06/29 13:35:38 OPTIONS /api/projects/gp-021 -> 204 (0s)
2026/06/29 13:35:38 GET /api/projects/gp-021 -> 200 (0s)
2026/06/29 13:35:39 OPTIONS /api/projects/gp-027 -> 204 (0s)
2026/06/29 13:35:39 GET /api/projects/gp-027 -> 200 (0s)
2026/06/29 13:35:40 OPTIONS /api/projects/gp-028 -> 204 (0s)
2026/06/29 13:35:40 GET /api/projects/gp-028 -> 200 (0s)
2026/06/29 13:36:28 POST /api/auth/login -> 200 (13.9892ms)
2026/06/29 13:36:28 POST /api/admin/seed -> 200 (504.4µs)
2026/06/29 13:36:28 OPTIONS /api/summary -> 204 (0s)
2026/06/29 13:36:28 OPTIONS /api/projects -> 204 (0s)
2026/06/29 13:36:28 OPTIONS /api/outputs -> 204 (0s)
2026/06/29 13:36:28 GET /api/summary -> 200 (723.2µs)
2026/06/29 13:36:28 GET /api/projects -> 200 (0s)
2026/06/29 13:36:28 GET /api/outputs -> 200 (1.4798ms)
2026/06/29 13:36:28 GET /api/summary -> 200 (677.5µs)
2026/06/29 16:40:34 OPTIONS /api/auth/login -> 204 (0s)
2026/06/29 16:40:34 POST /api/auth/login -> 200 (12.7884ms)
2026/06/29 16:40:40 OPTIONS /api/summary -> 204 (0s)
2026/06/29 16:40:40 OPTIONS /api/projects -> 204 (0s)
2026/06/29 16:40:40 OPTIONS /api/outputs -> 204 (0s)
2026/06/29 16:40:40 OPTIONS /api/projects -> 204 (0s)
2026/06/29 16:40:40 GET /api/ws -> 200 (0s)
2026/06/29 16:40:40 OPTIONS /api/outputs -> 204 (0s)
2026/06/29 16:40:40 GET /api/summary -> 200 (503.5µs)
2026/06/29 16:40:40 GET /api/projects -> 200 (0s)
2026/06/29 16:40:40 GET /api/outputs -> 200 (1.0346ms)
2026/06/29 16:40:40 GET /api/projects -> 200 (0s)
2026/06/29 16:40:40 GET /api/summary -> 200 (533.3µs)
2026/06/29 16:40:40 GET /api/outputs -> 200 (521.6µs)
2026/06/29 16:40:40 GET /api/ws -> 200 (0s)
2026/06/29 16:40:40 GET /api/projects -> 200 (0s)
2026/06/29 16:40:40 GET /api/summary -> 200 (504µs)
2026/06/29 16:40:40 GET /api/outputs -> 200 (1.0628ms)
2026/06/29 16:49:18 OPTIONS /api/projects -> 204 (0s)
2026/06/29 16:49:18 OPTIONS /api/projects -> 204 (0s)
2026/06/29 16:49:18 GET /api/ws -> 200 (622.3µs)
2026/06/29 16:49:18 GET /api/projects -> 200 (0s)
2026/06/29 16:49:18 GET /api/projects -> 200 (0s)
2026/06/29 16:49:18 OPTIONS /api/projects/gp-001 -> 204 (0s)
2026/06/29 16:49:18 OPTIONS /api/projects/gp-002 -> 204 (0s)
2026/06/29 16:49:18 OPTIONS /api/projects/gp-003 -> 204 (0s)
2026/06/29 16:49:18 OPTIONS /api/projects/gp-004 -> 204 (0s)
2026/06/29 16:49:18 OPTIONS /api/projects/gp-005 -> 204 (0s)
2026/06/29 16:49:18 OPTIONS /api/projects/gp-006 -> 204 (0s)
2026/06/29 16:49:18 OPTIONS /api/projects/gp-007 -> 204 (0s)
2026/06/29 16:49:18 OPTIONS /api/projects/gp-008 -> 204 (0s)
2026/06/29 16:49:18 OPTIONS /api/projects/gp-009 -> 204 (0s)
2026/06/29 16:49:18 OPTIONS /api/projects/gp-010 -> 204 (0s)
2026/06/29 16:49:18 OPTIONS /api/projects/gp-011 -> 204 (0s)
2026/06/29 16:49:18 OPTIONS /api/projects/gp-012 -> 204 (0s)
2026/06/29 16:49:18 OPTIONS /api/projects/gp-013 -> 204 (0s)
2026/06/29 16:49:18 OPTIONS /api/projects/gp-014 -> 204 (0s)
2026/06/29 16:49:18 OPTIONS /api/projects/gp-015 -> 204 (0s)
2026/06/29 16:49:18 OPTIONS /api/projects/gp-016 -> 204 (0s)
2026/06/29 16:49:18 OPTIONS /api/projects/gp-017 -> 204 (0s)
2026/06/29 16:49:18 GET /api/ws -> 200 (0s)
2026/06/29 16:49:18 OPTIONS /api/projects/gp-018 -> 204 (0s)
2026/06/29 16:49:18 OPTIONS /api/projects/gp-019 -> 204 (0s)
2026/06/29 16:49:18 GET /api/projects/gp-001 -> 200 (0s)
2026/06/29 16:49:18 OPTIONS /api/projects/gp-020 -> 204 (0s)
2026/06/29 16:49:18 OPTIONS /api/projects/gp-021 -> 204 (0s)
2026/06/29 16:49:18 OPTIONS /api/projects/gp-022 -> 204 (0s)
2026/06/29 16:49:18 OPTIONS /api/projects/gp-023 -> 204 (0s)
2026/06/29 16:49:18 OPTIONS /api/projects/gp-024 -> 204 (0s)
2026/06/29 16:49:18 OPTIONS /api/projects/gp-025 -> 204 (0s)
2026/06/29 16:49:18 OPTIONS /api/projects/gp-026 -> 204 (0s)
2026/06/29 16:49:18 GET /api/projects/gp-002 -> 200 (0s)
2026/06/29 16:49:18 OPTIONS /api/projects/gp-027 -> 204 (0s)
2026/06/29 16:49:18 OPTIONS /api/projects/gp-028 -> 204 (0s)
2026/06/29 16:49:18 OPTIONS /api/projects/gp-029 -> 204 (0s)
2026/06/29 16:49:18 OPTIONS /api/projects/gp-030 -> 204 (0s)
2026/06/29 16:49:18 OPTIONS /api/projects/gp-031 -> 204 (0s)
2026/06/29 16:49:18 OPTIONS /api/projects/gp-032 -> 204 (0s)
2026/06/29 16:49:18 OPTIONS /api/projects/gp-009 -> 204 (0s)
2026/06/29 16:49:18 GET /api/projects/gp-003 -> 200 (0s)
2026/06/29 16:49:18 OPTIONS /api/projects/gp-010 -> 204 (0s)
2026/06/29 16:49:18 OPTIONS /api/projects/gp-011 -> 204 (0s)
2026/06/29 16:49:18 GET /api/projects/gp-004 -> 200 (0s)
2026/06/29 16:49:18 OPTIONS /api/projects/gp-012 -> 204 (0s)
2026/06/29 16:49:18 OPTIONS /api/projects/gp-013 -> 204 (0s)
2026/06/29 16:49:18 OPTIONS /api/projects/gp-014 -> 204 (0s)
2026/06/29 16:49:18 OPTIONS /api/projects/gp-015 -> 204 (0s)
2026/06/29 16:49:18 OPTIONS /api/projects/gp-016 -> 204 (0s)
2026/06/29 16:49:18 OPTIONS /api/projects/gp-017 -> 204 (0s)
2026/06/29 16:49:18 OPTIONS /api/projects/gp-018 -> 204 (0s)
2026/06/29 16:49:18 GET /api/projects/gp-005 -> 200 (0s)
2026/06/29 16:49:18 OPTIONS /api/projects/gp-019 -> 204 (0s)
2026/06/29 16:49:18 OPTIONS /api/projects/gp-020 -> 204 (0s)
2026/06/29 16:49:18 OPTIONS /api/projects/gp-021 -> 204 (0s)
2026/06/29 16:49:18 GET /api/projects/gp-006 -> 200 (639.3µs)
2026/06/29 16:49:18 OPTIONS /api/projects/gp-022 -> 204 (0s)
2026/06/29 16:49:18 OPTIONS /api/projects/gp-023 -> 204 (0s)
2026/06/29 16:49:18 OPTIONS /api/projects/gp-024 -> 204 (0s)
2026/06/29 16:49:18 GET /api/projects/gp-007 -> 200 (0s)
2026/06/29 16:49:18 OPTIONS /api/projects/gp-025 -> 204 (0s)
2026/06/29 16:49:18 OPTIONS /api/projects/gp-026 -> 204 (0s)
2026/06/29 16:49:18 OPTIONS /api/projects/gp-027 -> 204 (0s)
2026/06/29 16:49:18 GET /api/projects/gp-008 -> 200 (0s)
2026/06/29 16:49:18 OPTIONS /api/projects/gp-028 -> 204 (312.6µs)
2026/06/29 16:49:18 OPTIONS /api/projects/gp-029 -> 204 (0s)
2026/06/29 16:49:18 OPTIONS /api/projects/gp-030 -> 204 (0s)
2026/06/29 16:49:18 OPTIONS /api/projects/gp-031 -> 204 (0s)
2026/06/29 16:49:18 OPTIONS /api/projects/gp-032 -> 204 (0s)
2026/06/29 16:49:18 GET /api/projects/gp-009 -> 200 (0s)
2026/06/29 16:49:18 GET /api/projects/gp-010 -> 200 (0s)
2026/06/29 16:49:18 GET /api/projects/gp-011 -> 200 (503.9µs)
2026/06/29 16:49:18 GET /api/projects/gp-012 -> 200 (0s)
2026/06/29 16:49:18 GET /api/projects/gp-013 -> 200 (0s)
2026/06/29 16:49:18 GET /api/projects/gp-014 -> 200 (0s)
2026/06/29 16:49:18 GET /api/projects/gp-015 -> 200 (526µs)
2026/06/29 16:49:18 GET /api/projects/gp-016 -> 200 (0s)
2026/06/29 16:49:18 GET /api/projects/gp-017 -> 200 (0s)
2026/06/29 16:49:18 GET /api/projects/gp-018 -> 200 (0s)
2026/06/29 16:49:18 GET /api/projects/gp-001 -> 200 (0s)
2026/06/29 16:49:18 GET /api/projects/gp-019 -> 200 (0s)
2026/06/29 16:49:18 GET /api/projects/gp-020 -> 200 (0s)
2026/06/29 16:49:18 GET /api/projects/gp-021 -> 200 (0s)
2026/06/29 16:49:18 GET /api/projects/gp-022 -> 200 (0s)
2026/06/29 16:49:18 GET /api/projects/gp-023 -> 200 (0s)
2026/06/29 16:49:18 GET /api/projects/gp-024 -> 200 (0s)
2026/06/29 16:49:18 GET /api/projects/gp-025 -> 200 (0s)
2026/06/29 16:49:18 GET /api/projects/gp-026 -> 200 (0s)
2026/06/29 16:49:18 GET /api/projects/gp-002 -> 200 (0s)
2026/06/29 16:49:18 GET /api/projects/gp-027 -> 200 (0s)
2026/06/29 16:49:18 GET /api/projects/gp-028 -> 200 (0s)
2026/06/29 16:49:18 GET /api/projects/gp-029 -> 200 (0s)
2026/06/29 16:49:18 GET /api/projects/gp-030 -> 200 (0s)
2026/06/29 16:49:18 GET /api/projects/gp-031 -> 200 (0s)
2026/06/29 16:49:18 GET /api/projects/gp-032 -> 200 (0s)
2026/06/29 16:49:18 GET /api/projects/gp-003 -> 200 (0s)
2026/06/29 16:49:18 GET /api/projects/gp-004 -> 200 (0s)
2026/06/29 16:49:18 GET /api/projects/gp-005 -> 200 (0s)
2026/06/29 16:49:18 GET /api/projects -> 200 (0s)
2026/06/29 16:49:18 GET /api/projects/gp-006 -> 200 (0s)
2026/06/29 16:49:18 GET /api/projects/gp-007 -> 200 (0s)
2026/06/29 16:49:18 GET /api/projects/gp-008 -> 200 (0s)
2026/06/29 16:49:18 GET /api/projects/gp-009 -> 200 (0s)
2026/06/29 16:49:18 GET /api/projects/gp-010 -> 200 (0s)
2026/06/29 16:49:18 GET /api/projects/gp-011 -> 200 (0s)
2026/06/29 16:49:18 GET /api/projects/gp-012 -> 200 (0s)
2026/06/29 16:49:18 GET /api/projects/gp-014 -> 200 (0s)
2026/06/29 16:49:18 GET /api/projects/gp-013 -> 200 (0s)
2026/06/29 16:49:18 GET /api/projects/gp-015 -> 200 (0s)
2026/06/29 16:49:18 GET /api/projects/gp-017 -> 200 (0s)
2026/06/29 16:49:18 GET /api/projects/gp-020 -> 200 (0s)
2026/06/29 16:49:18 GET /api/projects/gp-016 -> 200 (0s)
2026/06/29 16:49:18 GET /api/projects/gp-019 -> 200 (0s)
2026/06/29 16:49:18 GET /api/projects/gp-018 -> 200 (0s)
2026/06/29 16:49:18 GET /api/projects/gp-021 -> 200 (0s)
2026/06/29 16:49:18 GET /api/projects/gp-022 -> 200 (0s)
2026/06/29 16:49:18 GET /api/projects/gp-023 -> 200 (0s)
2026/06/29 16:49:18 GET /api/projects/gp-024 -> 200 (0s)
2026/06/29 16:49:18 GET /api/projects/gp-025 -> 200 (0s)
2026/06/29 16:49:18 GET /api/projects/gp-026 -> 200 (0s)
2026/06/29 16:49:18 GET /api/projects/gp-027 -> 200 (0s)
2026/06/29 16:49:18 GET /api/projects/gp-028 -> 200 (0s)
2026/06/29 16:49:18 GET /api/projects/gp-029 -> 200 (0s)
2026/06/29 16:49:18 GET /api/projects/gp-030 -> 200 (0s)
2026/06/29 16:49:18 GET /api/projects/gp-031 -> 200 (0s)
2026/06/29 16:49:18 GET /api/projects/gp-032 -> 200 (0s)
2026/06/29 16:49:18 GET /api/projects/gp-001 -> 200 (0s)
2026/06/29 16:49:18 GET /api/projects -> 200 (0s)
2026/06/29 16:49:18 GET /api/projects/gp-002 -> 200 (0s)
2026/06/29 16:49:18 GET /api/projects/gp-003 -> 200 (0s)
2026/06/29 16:49:18 GET /api/projects/gp-004 -> 200 (0s)
2026/06/29 16:49:18 GET /api/projects/gp-005 -> 200 (0s)
2026/06/29 16:49:18 GET /api/projects/gp-006 -> 200 (0s)
2026/06/29 16:49:18 GET /api/projects/gp-007 -> 200 (0s)
2026/06/29 16:49:18 GET /api/projects/gp-008 -> 200 (509µs)
2026/06/29 16:49:18 GET /api/projects/gp-009 -> 200 (0s)
2026/06/29 16:49:18 GET /api/projects/gp-010 -> 200 (0s)
2026/06/29 16:49:18 GET /api/projects/gp-011 -> 200 (0s)
2026/06/29 16:49:18 GET /api/projects/gp-012 -> 200 (0s)
2026/06/29 16:49:18 GET /api/projects/gp-013 -> 200 (0s)
2026/06/29 16:49:18 GET /api/projects/gp-014 -> 200 (0s)
2026/06/29 16:49:18 GET /api/projects/gp-015 -> 200 (0s)
2026/06/29 16:49:18 GET /api/projects/gp-016 -> 200 (0s)
2026/06/29 16:49:18 GET /api/projects/gp-017 -> 200 (0s)
2026/06/29 16:49:18 GET /api/projects/gp-018 -> 200 (0s)
2026/06/29 16:49:18 GET /api/projects/gp-021 -> 200 (0s)
2026/06/29 16:49:18 GET /api/projects/gp-019 -> 200 (0s)
2026/06/29 16:49:18 GET /api/projects/gp-020 -> 200 (0s)
2026/06/29 16:49:18 GET /api/projects/gp-022 -> 200 (0s)
2026/06/29 16:49:18 GET /api/projects/gp-023 -> 200 (0s)
2026/06/29 16:49:18 GET /api/projects/gp-024 -> 200 (0s)
2026/06/29 16:49:18 GET /api/projects/gp-029 -> 200 (0s)
2026/06/29 16:49:18 GET /api/projects/gp-025 -> 200 (0s)
2026/06/29 16:49:18 GET /api/projects/gp-026 -> 200 (0s)
2026/06/29 16:49:18 GET /api/projects/gp-027 -> 200 (0s)
2026/06/29 16:49:18 GET /api/projects/gp-028 -> 200 (0s)
2026/06/29 16:49:18 GET /api/projects/gp-030 -> 200 (0s)
2026/06/29 16:49:18 GET /api/projects/gp-031 -> 200 (0s)
2026/06/29 16:49:18 GET /api/projects/gp-032 -> 200 (0s)
2026/06/29 16:49:18 GET /api/projects/gp-001 -> 200 (0s)
2026/06/29 16:49:18 GET /api/projects/gp-002 -> 200 (0s)
2026/06/29 16:49:18 GET /api/projects/gp-003 -> 200 (0s)
2026/06/29 16:49:18 GET /api/projects/gp-004 -> 200 (0s)
2026/06/29 16:49:18 GET /api/projects/gp-005 -> 200 (0s)
2026/06/29 16:49:18 GET /api/projects/gp-006 -> 200 (0s)
2026/06/29 16:49:18 GET /api/projects/gp-007 -> 200 (0s)
2026/06/29 16:49:18 GET /api/projects/gp-008 -> 200 (0s)
2026/06/29 16:49:18 GET /api/projects/gp-009 -> 200 (0s)
2026/06/29 16:49:18 GET /api/projects/gp-011 -> 200 (0s)
2026/06/29 16:49:18 GET /api/projects/gp-012 -> 200 (0s)
2026/06/29 16:49:18 GET /api/projects/gp-010 -> 200 (0s)
2026/06/29 16:49:18 GET /api/projects/gp-013 -> 200 (519.8µs)
2026/06/29 16:49:18 GET /api/projects/gp-014 -> 200 (0s)
2026/06/29 16:49:18 GET /api/projects/gp-015 -> 200 (0s)
2026/06/29 16:49:18 GET /api/projects/gp-016 -> 200 (0s)
2026/06/29 16:49:18 GET /api/projects/gp-017 -> 200 (0s)
2026/06/29 16:49:18 GET /api/projects/gp-018 -> 200 (0s)
2026/06/29 16:49:18 GET /api/projects/gp-019 -> 200 (0s)
2026/06/29 16:49:18 GET /api/projects/gp-020 -> 200 (0s)
2026/06/29 16:49:18 GET /api/projects/gp-021 -> 200 (0s)
2026/06/29 16:49:18 GET /api/projects/gp-024 -> 200 (0s)
2026/06/29 16:49:18 GET /api/projects/gp-022 -> 200 (0s)
2026/06/29 16:49:18 GET /api/projects/gp-023 -> 200 (0s)
2026/06/29 16:49:18 GET /api/projects/gp-025 -> 200 (0s)
2026/06/29 16:49:18 GET /api/projects/gp-026 -> 200 (0s)
2026/06/29 16:49:18 GET /api/projects/gp-027 -> 200 (0s)
2026/06/29 16:49:18 GET /api/projects/gp-028 -> 200 (0s)
2026/06/29 16:49:18 GET /api/projects/gp-029 -> 200 (0s)
2026/06/29 16:49:18 GET /api/projects/gp-030 -> 200 (505µs)
2026/06/29 16:49:18 GET /api/projects/gp-032 -> 200 (0s)
2026/06/29 16:49:18 GET /api/projects/gp-031 -> 200 (0s)
2026/06/29 17:26:36 OPTIONS /api/auth/login -> 204 (0s)
2026/06/29 17:26:36 POST /api/auth/login -> 200 (15.7885ms)
2026/06/29 17:26:36 OPTIONS /api/summary -> 204 (0s)
2026/06/29 17:26:36 OPTIONS /api/projects -> 204 (0s)
2026/06/29 17:26:36 OPTIONS /api/projects -> 204 (0s)
2026/06/29 17:26:36 OPTIONS /api/outputs -> 204 (0s)
2026/06/29 17:26:36 GET /api/ws -> 200 (0s)
2026/06/29 17:26:36 OPTIONS /api/outputs -> 204 (0s)
2026/06/29 17:26:36 GET /api/summary -> 200 (521µs)
2026/06/29 17:26:36 GET /api/projects -> 200 (0s)
2026/06/29 17:26:36 GET /api/projects -> 200 (522µs)
2026/06/29 17:26:36 GET /api/outputs -> 200 (1.0406ms)
2026/06/29 17:26:36 GET /api/summary -> 200 (1.0406ms)
2026/06/29 17:26:36 GET /api/outputs -> 200 (504.3µs)
2026/06/29 17:26:36 GET /api/ws -> 200 (0s)
2026/06/29 17:26:36 GET /api/projects -> 200 (0s)
2026/06/29 17:26:36 GET /api/summary -> 200 (504µs)
2026/06/29 17:26:36 GET /api/outputs -> 200 (1.0136ms)
2026/06/29 17:26:47 OPTIONS /api/projects/gp-001 -> 204 (0s)
2026/06/29 17:26:47 OPTIONS /api/projects/gp-001 -> 204 (0s)
2026/06/29 17:26:47 GET /api/projects/gp-001 -> 200 (0s)
2026/06/29 17:26:47 GET /api/projects/gp-001 -> 200 (677.8µs)
2026/06/29 17:26:48 OPTIONS /api/my-tasks -> 204 (0s)
2026/06/29 17:26:48 OPTIONS /api/my-tasks -> 204 (0s)
2026/06/29 17:26:48 GET /api/my-tasks -> 200 (924.7µs)
2026/06/29 17:26:48 GET /api/my-tasks -> 200 (479µs)
2026/06/29 17:26:54 OPTIONS /api/projects/gp-001 -> 204 (0s)
2026/06/29 17:26:54 OPTIONS /api/projects/gp-001 -> 204 (0s)
2026/06/29 17:26:54 GET /api/projects/gp-001 -> 200 (0s)
2026/06/29 17:26:54 GET /api/projects/gp-001 -> 200 (0s)
2026/06/29 17:26:55 OPTIONS /api/my-tasks -> 204 (0s)
2026/06/29 17:26:55 OPTIONS /api/my-tasks -> 204 (0s)
2026/06/29 17:26:55 GET /api/my-tasks -> 200 (692.4µs)
2026/06/29 17:26:55 GET /api/my-tasks -> 200 (621.8µs)
2026/06/29 17:27:02 OPTIONS /api/workdrawings -> 204 (0s)
2026/06/29 17:27:02 OPTIONS /api/alerts -> 204 (0s)
2026/06/29 17:27:02 OPTIONS /api/alerts -> 204 (0s)
2026/06/29 17:27:02 OPTIONS /api/workdrawings -> 204 (0s)
2026/06/29 17:27:02 GET /api/workdrawings -> 200 (515.3µs)
2026/06/29 17:27:02 GET /api/alerts -> 200 (0s)
2026/06/29 17:27:02 GET /api/workdrawings -> 200 (0s)
2026/06/29 17:27:02 GET /api/alerts -> 200 (0s)
2026/06/29 17:27:25 OPTIONS /api/master -> 204 (0s)
2026/06/29 17:27:25 OPTIONS /api/master -> 204 (0s)
2026/06/29 17:27:25 GET /api/master -> 200 (0s)
2026/06/29 17:27:25 GET /api/master -> 200 (0s)
2026/06/29 17:27:25 OPTIONS /api/projects/gp-001 -> 204 (0s)
2026/06/29 17:27:25 OPTIONS /api/projects/gp-001 -> 204 (0s)
2026/06/29 17:27:25 GET /api/projects/gp-001 -> 200 (0s)
2026/06/29 17:27:25 GET /api/projects/gp-001 -> 200 (503.2µs)
2026/06/29 17:27:27 OPTIONS /api/staff -> 204 (0s)
2026/06/29 17:27:27 OPTIONS /api/staff -> 204 (0s)
2026/06/29 17:27:27 GET /api/staff -> 200 (310.5µs)
2026/06/29 17:27:27 GET /api/staff -> 200 (0s)
2026/06/29 17:27:29 OPTIONS /api/workdrawings -> 204 (0s)
2026/06/29 17:27:29 OPTIONS /api/alerts -> 204 (0s)
2026/06/29 17:27:29 OPTIONS /api/alerts -> 204 (0s)
2026/06/29 17:27:29 OPTIONS /api/workdrawings -> 204 (0s)
2026/06/29 17:27:29 GET /api/workdrawings -> 200 (0s)
2026/06/29 17:27:29 GET /api/alerts -> 200 (0s)
2026/06/29 17:27:29 GET /api/workdrawings -> 200 (0s)
2026/06/29 17:27:29 GET /api/alerts -> 200 (0s)
2026/06/29 17:27:38 OPTIONS /api/master -> 204 (0s)
2026/06/29 17:27:38 OPTIONS /api/master -> 204 (0s)
2026/06/29 17:27:38 GET /api/master -> 200 (0s)
2026/06/29 17:27:38 GET /api/master -> 200 (0s)
2026/06/29 17:27:38 OPTIONS /api/projects/gp-001 -> 204 (0s)
2026/06/29 17:27:38 OPTIONS /api/projects/gp-001 -> 204 (0s)
2026/06/29 17:27:38 GET /api/projects/gp-001 -> 200 (0s)
2026/06/29 17:27:38 GET /api/projects/gp-001 -> 200 (505.3µs)
2026/06/29 17:27:43 OPTIONS /api/staff -> 204 (0s)
2026/06/29 17:27:43 OPTIONS /api/staff -> 204 (0s)
2026/06/29 17:27:43 GET /api/staff -> 200 (0s)
2026/06/29 17:27:43 GET /api/staff -> 200 (0s)
2026/06/29 17:27:44 OPTIONS /api/workdrawings -> 204 (0s)
2026/06/29 17:27:44 OPTIONS /api/alerts -> 204 (0s)
2026/06/29 17:27:44 OPTIONS /api/alerts -> 204 (0s)
2026/06/29 17:27:44 OPTIONS /api/workdrawings -> 204 (0s)
2026/06/29 17:27:44 GET /api/workdrawings -> 200 (0s)
2026/06/29 17:27:44 GET /api/alerts -> 200 (0s)
2026/06/29 17:27:44 GET /api/workdrawings -> 200 (557.1µs)
2026/06/29 17:27:44 GET /api/alerts -> 200 (0s)
2026/06/29 17:28:09 OPTIONS /api/master -> 204 (0s)
2026/06/29 17:28:09 OPTIONS /api/master -> 204 (0s)
2026/06/29 17:28:09 GET /api/master -> 200 (0s)
2026/06/29 17:28:09 GET /api/master -> 200 (0s)
2026/06/29 17:28:09 OPTIONS /api/projects/gp-001 -> 204 (0s)
2026/06/29 17:28:09 OPTIONS /api/projects/gp-001 -> 204 (0s)
2026/06/29 17:28:09 GET /api/projects/gp-001 -> 200 (0s)
2026/06/29 17:28:09 GET /api/projects/gp-001 -> 200 (0s)
2026/06/29 17:28:10 OPTIONS /api/projects/gp-007 -> 204 (0s)
2026/06/29 17:28:10 OPTIONS /api/projects/gp-007 -> 204 (0s)
2026/06/29 17:28:10 GET /api/projects/gp-007 -> 200 (0s)
2026/06/29 17:28:10 GET /api/projects/gp-007 -> 200 (505µs)
2026/06/29 17:35:29 OPTIONS /api/summary -> 204 (0s)
2026/06/29 17:35:29 OPTIONS /api/projects -> 204 (0s)
2026/06/29 17:35:29 OPTIONS /api/projects -> 204 (0s)
2026/06/29 17:35:29 OPTIONS /api/outputs -> 204 (0s)
2026/06/29 17:35:29 OPTIONS /api/summary -> 204 (0s)
2026/06/29 17:35:29 GET /api/ws -> 200 (0s)
2026/06/29 17:35:29 OPTIONS /api/outputs -> 204 (0s)
2026/06/29 17:35:29 GET /api/summary -> 200 (0s)
2026/06/29 17:35:29 GET /api/projects -> 200 (526.3µs)
2026/06/29 17:35:29 GET /api/projects -> 200 (0s)
2026/06/29 17:35:29 GET /api/summary -> 200 (0s)
2026/06/29 17:35:29 GET /api/outputs -> 200 (1.5831ms)
2026/06/29 17:35:29 GET /api/outputs -> 200 (1.0811ms)
2026/06/29 17:35:29 GET /api/ws -> 200 (0s)
2026/06/29 17:35:29 OPTIONS /api/summary -> 204 (0s)
2026/06/29 17:35:29 OPTIONS /api/projects -> 204 (0s)
2026/06/29 17:35:29 OPTIONS /api/outputs -> 204 (0s)
2026/06/29 17:35:29 GET /api/projects -> 200 (0s)
2026/06/29 17:35:29 GET /api/summary -> 200 (504µs)
2026/06/29 17:35:29 GET /api/outputs -> 200 (1.0223ms)
2026/07/01 19:22:26 perencanaan: shutting down...
2026/07/01 19:22:26 perencanaan: stopped
